<?xml version="1.0" encoding="UTF-8"?>
<!-- Generated by org.testng.reporters.JUnitReportReporter -->
<testsuite skipped="0" hostname="LAPTOP-L8TRNUCI" name="com.pages.DashboardPage" tests="1" failures="0" timestamp="25 Nov 2021 11:05:04 GMT" time="0.886" errors="0">
  <testcase name="verifyMoreInfolink" time="0.886" classname="com.pages.DashboardPage"/>
</testsuite> <!-- com.pages.DashboardPage -->
